2;2
2;17
2;14
2;10
2;2
4;20
2;19
2;9
2;4
2;2
2;4
2;4
4;12
2;14
4;21
4;5
2;3
2;2
4;16
2;2
4;22
4;10
2;3
4;5
2;4
4;24
2;3
2;2
2;4
2;4
2;3
2;4
4;10
2;9
2;3
2;4
4;20
2;1
4;22
4;23
2;10
4;5
4;15
4;5
4;15
2;4
4;22
2;4
2;2
4;10
4;5
4;24
4;10
4;21
4;16
4;10
4;10
4;5
4;17
4;5
4;23
2;9
4;15
4;5
2;4
4;5
2;2
4;16
4;15
2;9
2;1
4;20
2;19
4;21
4;5
2;14
2;9
2;1
2;14
2;4
2;14
2;2
2;2
2;19
4;20
4;10
4;23
4;21
2;2
2;9
2;4
2;3
2;2
2;4
2;4
2;4
2;4
2;2
4;15
4;21
4;10
4;24
2;2
4;0
4;20
4;5
4;21
4;21
2;4
4;16
2;19
4;17
4;22
4;15
2;13
2;14
2;0
4;21
2;9
2;14
2;9
2;2
4;15
4;17
4;20
2;4
4;22
2;3
4;16
2;9
2;1
2;4
4;20
2;3
2;3
2;7
2;3
2;3
2;2
2;4
2;3
2;4
4;5
2;14
2;4
2;4
4;17
2;9
2;24
4;20
2;4
4;17
4;20
2;8
2;4
4;17
2;4
2;4
2;4
4;20
4;15
2;2
2;3
2;9
2;2
2;8
4;20
4;10
2;3
2;4
2;3
2;4
2;4
4;20
4;16
4;20
2;4
4;10
2;2
4;17
2;4
2;4
2;2
4;20
4;16
2;4
4;22
4;20
4;20
2;14
4;20
4;20
2;2
2;4
2;3
2;2
2;10
2;7
2;4
2;3
4;20
4;15
2;4
2;2
2;4
4;20
4;10
2;4
2;4
2;2
4;20
4;20
2;4
4;20
4;20
4;15
2;4
2;4
4;20
2;1
2;9
4;15
4;13
4;16
4;21
2;4
4;15
4;15
2;4
4;20
4;16
4;20
2;5
4;16
2;19
2;2
4;20
4;10
4;20
4;16
2;1
2;8
2;4
2;19
2;4
2;7
4;20
4;17
2;19
2;3
2;4
4;22
2;17
4;15
4;15
4;16
2;3
2;3
2;3
2;17
4;21
4;20
4;20
4;21
4;20
2;1
4;16
4;17
4;10
2;4
4;16
2;2
4;17
4;6
2;8
2;3
2;3
2;4
2;4
4;11
2;3
2;9
4;22
4;16
4;22
4;20
4;20
2;3
4;11
4;21
2;4
2;4
4;10
4;16
2;4
4;22
2;23
2;0
2;1
4;16
4;10
2;4
4;20
2;4
4;22
4;15
2;4
2;4
4;10
2;19
2;4
2;4
4;10
2;4
2;4
2;10
4;17
4;20
2;9
2;23
4;16
2;3
2;3
4;22
2;4
2;8
4;17
2;4
4;10
4;16
4;11
2;2
2;1
4;22
4;16
2;4
4;22
2;4
2;4
4;16
4;16
2;4
2;4
2;4
4;21
2;4
2;1
2;4
4;24
4;23
2;2
2;4
2;24
4;20
2;4
2;2
4;0
4;20
4;10
4;11
4;20
4;22
2;13
2;6
2;4
2;4
4;20
4;20
2;4
2;4
2;1
2;4
2;2
2;2
2;3
2;4
2;4
2;4
2;8
2;0
2;4
4;21
2;14
2;4
2;4
2;7
4;16
2;1
2;4
2;7
2;4
4;15
2;3
2;4
2;9
2;3
2;3
2;3
2;8
2;4
4;20
2;3
2;1
2;14
2;9
2;4
2;2
2;4
2;14
2;3
2;4
2;4
4;20
2;2
4;16
2;24
4;21
2;4
2;1
2;9
2;19
4;20
2;1
2;1
2;3
4;20
2;1
4;10
2;4
2;4
2;9
2;7
2;2
2;8
2;16
4;16
4;10
2;3
2;2
2;2
4;22
2;7
2;14
2;4
2;7
2;4
2;4
2;2
2;4
4;20
2;2
2;2
2;3
4;21
2;9
4;6
4;21
4;20
2;2
2;2
2;2
2;14
2;2
2;3
2;3
4;20
4;16
4;21
2;3
2;4
2;3
2;2
2;2
2;3
2;2
2;3
2;2
2;3
2;2
4;21
2;2
2;1
4;20
4;20
2;2
2;9
2;3
4;20
4;23
4;6
2;4
4;16
2;3
4;20
2;24
2;3
2;4
2;2
2;3
2;3
2;2
2;3
2;2
2;2
2;4
2;3
4;20
2;14
2;2
2;4
2;4
2;2
2;2
2;3
4;20
4;21
2;4
2;4
2;3
4;16
2;4
2;3
4;11
4;22
2;3
2;3
2;3
2;2
2;1
2;3
4;16
2;2
2;4
2;3
2;4
2;9
2;2
2;2
2;3
2;2
2;2
2;3
2;2
2;3
2;9
2;2
4;20
2;4
2;3
4;10
2;3
2;4
2;13
2;12
2;3
2;19
2;1
2;2
2;4
2;2
2;2
2;2
2;4
2;3
2;2
4;20
2;8
2;8
4;17
4;20
4;16
4;20
2;3
2;4
4;10
2;2
2;2
2;4
2;4
2;4
2;2
4;21
4;20
2;3
2;7
2;4
4;20
2;2
4;10
2;2
4;10
4;22
4;17
2;2
4;16
2;2
2;2
2;1
2;3
2;1
2;3
2;4
2;3
4;10
4;22
4;15
2;3
2;4
4;20
2;2
4;22
4;20
4;20
2;9
2;4
2;2
2;3
2;4
2;3
2;2
2;3
2;0
2;1
2;4
2;2
2;13
4;15
2;14
2;4
2;3
2;1
2;2
2;4
4;10
2;3
2;2
4;20
2;1
2;3
2;2
2;2
2;3
2;3
2;4
2;4
2;3
2;4
2;4
4;20
2;3
2;13
2;9
2;2
2;3
2;3
2;3
2;2
2;5
4;21
2;4
2;4
2;2
2;4
2;4
2;8
2;4
2;1
2;3
4;10
4;20
4;21
2;8
2;4
2;1
2;4
2;2
2;4
2;2
2;4
2;4
4;20
4;20
2;2
2;4
2;4
2;4
2;4
2;8
2;3
2;4
2;4
4;15
2;3
2;3
2;8
2;4
4;20
4;10
4;15
