1;19
1;4
1;4
1;9
1;4
1;3
1;3
1;3
1;14
1;3
1;2
1;2
1;3
1;2
1;2
1;2
1;2
1;19
1;19
1;3
1;2
1;19
1;2
1;2
1;8
1;2
1;8
1;2
1;2
1;8
1;2
1;2
1;2
1;1
1;2
1;8
1;19
1;2
1;19
1;19
1;2
1;1
1;7
1;19
1;1
1;19
1;7
1;24
1;19
1;14
1;19
1;13
1;12
1;6
1;6
1;0
1;2
1;2
1;4
1;9
1;14
1;19
1;19
1;19
1;19
1;19
1;19
1;19
1;19
1;24
2;9
2;14
2;4
2;4
2;4
2;3
2;9
2;4
2;9
2;4
2;4
2;4
2;4
2;4
2;4
2;9
2;3
2;4
2;3
2;2
2;13
2;2
2;2
2;3
2;2
2;13
2;13
2;1
2;1
2;6
2;0
2;0
2;0
2;23
2;23
2;20
2;20
2;21
2;20
2;20
2;20
2;20
2;20
2;9
2;9
2;9
2;9
2;9
2;4
2;9
2;9
2;3
2;4
2;4
2;8
2;8
2;8
2;23
2;17
2;22
2;21
2;21
2;9
2;14
2;4
2;9
2;3
2;3
2;3
2;3
2;4
2;8
2;3
2;4
2;1
2;8
3;14
3;9
3;8
3;2
3;9
3;19
3;14
3;9
3;7
3;2
3;13
3;19
3;14
3;14
3;13
3;14
3;19
5;4
5;11
5;10
5;10
5;20
5;15
5;20
5;20
5;15
5;15
5;20
5;16
5;20
6;23
6;23
6;23
6;17
6;0
6;21
6;20
6;20
6;20
7;4
7;4
7;13
7;23
7;22
7;5
7;20
7;20
7;20
7;20
7;20
7;20
7;20
7;20
7;20
7;20
7;15
7;20
7;20
7;20
7;20
7;20
7;15
7;20
7;20
7;20
7;20
7;20
7;20
