2;23
1;24
2;17
1;21
1;21
1;0
2;12
2;11
2;14
2;24
1;3
1;15
1;3
2;11
1;19
1;0
2;23
2;5
1;6
1;1
2;15
1;4
1;19
1;5
1;14
1;17
1;12
1;19
2;2
1;21
2;11
1;15
1;2
2;24
2;5
2;12
2;10
2;22
1;0
1;2
2;3
1;1
1;3
1;1
2;10
1;1
2;0
2;1
2;20
2;15
2;23
1;1
1;24
1;1
1;3
1;1
2;0
1;5
2;20
2;21
1;0
2;23
1;2
1;3
1;11
2;22
1;9
2;24
1;7
2;7
2;16
1;24
1;15
1;10
1;6
2;23
1;1
1;1
1;1
1;3
2;15
2;5
2;21
1;2
1;5
1;4
1;5
1;18
1;19
2;20
1;2
2;24
2;21
2;10
2;1
2;21
1;19
2;7
1;23
1;8
1;0
2;20
1;9
2;22
2;12
2;9
1;6
2;13
2;0
1;0
2;23
1;7
2;19
1;19
1;14
1;13
2;12
2;22
1;15
2;22
2;0
2;22
2;21
1;24
1;13
1;1
2;21
1;1
1;1
2;7
2;9
2;10
1;3
2;20
1;3
1;0
1;14
2;12
1;2
1;1
2;10
1;9
2;3
1;10
2;14
2;21
2;7
2;0
2;2
1;9
1;4
1;2
1;9
1;23
1;12
1;1
2;15
1;19
1;0
2;3
2;3
2;12
1;13
2;21
1;1
1;24
1;8
1;0
1;7
2;14
1;15
2;16
2;22
1;10
1;0
2;22
2;22
2;11
2;8
1;1
1;4
2;24
2;0
1;21
1;4
1;19
2;5
1;7
1;24
2;21
1;8
2;0
1;19
2;14
1;4
1;8
1;16
1;6
1;11
2;19
1;14
2;19
2;16
2;19
2;18
1;19
1;24
1;7
2;23
1;4
2;18
1;4
1;1
2;10
1;2
1;1
1;4
1;7
1;12
1;2
2;11
2;20
1;0
2;24
1;0
1;5
2;21
2;24
1;14
1;1
2;23
2;6
1;4
2;8
1;11
2;0
1;3
2;0
1;13
1;24
2;18
1;19
1;17
2;13
1;23
2;12
2;8
1;17
2;0
2;18
2;5
1;2
2;14
1;0
1;10
1;19
1;15
2;24
2;24
1;4
1;24
2;10
2;14
1;9
2;2
1;0
1;9
1;18
1;0
2;22
