2;5
2;18
1;24
1;18
2;7
2;24
2;9
2;18
2;8
1;24
1;18
2;18
2;3
1;24
2;18
2;8
1;23
2;24
1;3
2;24
2;18
2;24
2;9
2;9
2;9
2;24
1;9
1;3
2;7
2;24
2;3
1;18
2;18
1;18
2;23
2;6
1;11
2;9
1;24
2;18
2;3
1;10
2;9
2;8
2;8
2;8
1;17
2;24
2;6
1;7
1;9
1;6
2;9
1;9
1;6
1;6
2;9
2;8
1;8
2;3
2;18
2;24
1;8
2;21
1;18
2;18
2;17
1;9
2;18
1;9
1;18
1;24
2;18
1;18
2;1
2;23
2;8
2;24
2;9
1;18
1;18
2;9
2;9
2;8
1;11
2;24
1;3
1;18
1;11
2;24
2;17
1;8
2;24
2;8
2;24
2;8
2;9
2;8
2;24
1;7
2;24
2;8
2;24
2;6
2;11
2;0
1;8
2;24
2;8
1;18
2;18
2;21
2;9
1;8
2;8
2;24
2;21
2;3
2;21
2;24
1;18
2;18
2;24
1;8
2;18
2;18
2;0
1;18
2;18
2;18
2;18
2;23
2;9
2;24
2;3
1;18
2;9
2;9
2;24
2;24
2;11
2;23
1;8
1;24
2;23
2;24
2;9
2;18
1;18
2;24
2;24
1;18
2;18
1;9
2;3
1;24
1;24
2;18
2;9
1;24
2;3
2;6
2;24
2;2
1;18
2;23
1;24
2;9
2;18
2;8
2;24
1;11
2;18
1;18
1;4
2;18
2;2
1;3
2;20
1;23
2;17
1;9
2;18
2;24
2;24
2;11
2;0
1;6
2;3
2;0
1;9
2;6
2;11
2;8
2;24
2;24
1;24
1;23
2;24
2;24
1;8
1;8
2;18
2;0
1;9
2;3
2;20
2;18
2;8
2;24
1;11
1;9
2;18
1;18
1;24
2;9
2;24
1;18
2;9
2;18
2;8
2;18
1;18
1;18
2;9
1;9
2;18
1;10
2;8
2;20
2;18
2;8
2;18
1;9
2;24
1;18
2;9
2;24
1;18
2;8
2;8
1;24
2;18
1;18
1;10
2;0
2;8
2;18
2;18
2;9
2;18
2;11
1;18
1;24
2;9
2;6
2;6
1;18
2;24
1;5
2;24
1;9
2;24
1;5
1;18
2;11
1;11
1;18
2;24
2;0
2;18
2;3
2;18
1;3
2;1
2;3
2;9
2;9
2;24
1;10
2;24
1;10
2;23
2;9
1;24
1;0
2;18
2;24
2;18
1;10
2;24
2;6
2;0
2;18
2;24
2;8
1;18
2;8
1;18
2;2
