1;0
1;0
2;4
2;4
3;4
3;4
4;4
4;4
5;4
5;4
6;15
6;15
7;4
7;4
8;2
8;1
9;15
9;20
10;0
10;0
11;0
11;0
12;21
12;21
13;10
13;16
14;11
14;10
15;21
15;21
16;4
16;4
17;19
17;19
18;20
18;20
19;15
19;15
20;4
20;4
21;19
21;19
22;4
22;4
23;22
23;23
24;15
24;15
25;20
25;20
26;4
26;4
1;1
1;1
2;2
2;2
3;8
3;9
4;4
4;3
5;4
5;4
6;10
6;15
7;4
7;4
8;1
8;1
9;20
9;20
10;0
10;0
11;0
11;0
12;21
12;21
13;23
13;23
14;17
14;17
15;21
15;21
16;3
16;4
17;24
17;19
18;20
18;20
19;10
19;15
20;4
20;4
21;24
21;24
22;3
22;3
23;19
23;19
24;10
24;10
25;20
25;20
26;9
26;9
1;1
1;1
2;3
2;4
3;4
3;4
4;4
4;3
5;4
5;4
6;15
6;15
7;4
7;4
8;1
8;1
9;15
9;15
10;1
10;2
11;0
11;0
12;21
12;21
13;16
13;16
14;17
14;17
15;21
15;21
16;2
16;3
17;24
17;24
18;20
18;20
19;15
19;10
20;4
20;4
21;19
21;19
22;4
22;4
23;19
23;10
24;10
24;10
25;20
25;15
26;4
26;4
1;1
1;1
2;3
2;4
3;4
3;9
4;4
4;4
5;4
5;4
6;10
6;10
7;4
7;4
8;1
8;1
9;10
9;20
10;6
10;6
11;0
11;0
12;22
12;22
13;16
14;16
14;17
15;21
15;21
16;4
16;4
17;24
17;19
18;20
18;21
19;15
19;10
20;4
20;4
21;24
21;19
22;4
22;4
23;17
23;17
24;10
24;10
25;21
25;20
26;9
26;4
1;12
1;6
2;4
2;4
3;9
3;9
4;4
4;4
5;4
5;4
6;20
6;15
7;9
7;4
8;1
8;1
9;20
9;20
10;6
10;6
11;6
11;6
12;21
12;21
13;22
13;22
14;22
14;22
15;21
15;22
16;4
16;4
17;19
17;19
18;21
18;21
19;20
19;20
20;4
20;4
21;19
21;19
22;4
22;4
23;18
23;23
24;15
24;15
25;22
25;22
26;14
26;9
1;1
1;1
2;4
2;4
3;4
3;4
4;4
4;4
5;4
5;4
6;15
6;15
7;4
7;4
8;1
8;1
9;15
9;15
10;1
10;2
11;2
11;2
12;21
12;21
13;17
13;22
14;17
14;17
15;21
15;21
16;4
16;4
17;19
17;19
18;20
18;20
19;15
19;15
20;4
20;4
21;24
21;24
22;4
22;4
23;22
23;18
24;10
24;10
25;20
25;21
26;4
26;4
1;17
1;6
2;4
2;4
3;9
3;9
4;4
4;4
5;4
5;4
6;20
6;20
7;4
7;4
8;1
8;1
9;20
9;21
10;5
10;5
11;6
11;6
12;21
12;22
13;22
13;22
14;17
14;17
15;21
15;22
16;3
16;4
17;19
17;19
18;21
18;21
19;20
19;15
20;4
20;4
21;19
21;19
22;9
22;4
23;22
23;22
24;10
24;15
25;21
25;22
26;4
26;4
1;1
1;1
2;4
2;4
3;4
3;4
4;4
4;4
5;4
5;4
6;15
6;15
7;4
7;4
8;1
8;1
9;15
9;20
10;1
10;1
11;0
11;0
12;21
12;21
13;16
13;16
14;11
14;11
15;21
15;21
16;4
16;4
17;24
17;24
18;20
18;20
19;15
19;15
20;4
20;4
21;19
21;19
22;4
22;4
23;23
23;11
24;10
24;10
25;22
25;21
26;4
26;4
1;1
1;1
2;3
2;4
3;4
3;4
4;4
4;4
5;4
5;4
6;15
6;15
7;4
7;4
8;1
8;1
9;20
9;15
10;0
10;0
11;1
11;1
12;21
12;21
13;16
13;11
14;11
14;17
15;22
15;21
16;4
16;4
17;24
17;19
18;20
18;20
19;15
19;15
20;4
20;4
21;19
21;19
22;3
22;4
23;17
23;16
24;15
24;15
25;20
25;20
26;4
26;4
1;1
1;0
2;4
2;4
3;4
3;4
4;4
4;4
5;4
5;4
6;15
6;15
7;4
7;4
8;1
8;1
9;15
9;20
10;1
10;0
11;0
11;0
12;21
12;21
13;16
13;10
14;11
14;0
15;22
15;21
16;4
16;4
17;19
17;19
18;20
18;20
19;10
19;10
20;4
20;4
21;19
21;19
22;4
22;4
23;18
23;18
24;10
24;10
25;21
25;21
26;4
26;4
1;0
1;0
2;2
2;3
3;3
3;3
4;3
4;4
5;4
5;4
6;15
6;15
7;2
7;2
8;1
8;1
9;10
9;15
10;0
10;0
11;0
11;0
12;21
12;21
13;10
13;10
14;16
14;16
15;22
15;22
16;4
16;3
17;19
17;19
18;20
18;20
19;15
19;15
20;4
20;4
21;19
21;19
22;9
22;4
23;12
23;0
24;10
24;10
25;15
25;20
26;9
26;9
1;5
1;5
2;13
2;8
3;8
3;8
4;8
4;8
5;3
5;3
6;20
6;20
7;8
7;8
8;0
8;0
9;20
9;20
10;5
10;5
11;5
11;5
12;21
12;21
13;21
13;16
14;17
14;16
15;21
15;21
16;7
16;7
17;24
17;24
18;20
18;20
19;20
19;15
20;2
20;2
21;24
21;19
22;8
22;8
23;23
23;22
24;15
24;15
25;20
25;20
26;8
26;8
1;0
1;1
2;3
2;4
3;4
3;9
4;4
4;4
5;4
5;4
6;15
6;10
7;4
7;4
8;1
8;1
9;10
9;10
10;0
10;1
11;0
11;0
12;21
12;21
13;16
13;16
14;11
14;11
15;21
15;21
16;2
16;4
17;19
17;19
18;20
18;20
19;15
19;15
20;4
20;4
21;19
21;19
22;4
22;3
23;5
23;17
24;10
24;10
25;20
25;20
26;9
26;4
1;1
1;1
2;4
2;4
3;4
3;4
4;4
4;4
5;4
5;4
6;15
6;15
7;4
7;4
8;1
8;1
9;15
9;20
10;1
10;0
11;1
11;1
12;21
12;21
13;16
13;17
14;17
14;11
15;21
15;21
16;4
16;4
17;19
17;19
18;20
18;20
19;15
19;10
20;4
20;4
21;19
21;19
22;4
22;4
23;22
23;18
24;10
24;10
25;21
25;20
26;4
26;4
1;1
1;1
2;4
2;4
3;4
3;4
4;4
4;4
5;4
5;4
6;10
6;10
7;4
7;4
8;1
8;1
9;15
9;10
10;1
10;1
11;0
11;0
12;21
12;16
13;10
13;10
14;0
14;0
15;16
15;16
16;4
16;4
17;19
17;19
18;20
18;20
19;10
19;10
20;4
20;4
21;19
21;19
22;4
22;4
23;0
23;12
24;10
24;10
25;15
25;20
26;4
26;4
1;12
1;6
2;3
2;8
3;8
3;8
4;9
4;9
5;3
5;9
6;15
6;15
7;9
7;9
8;1
8;5
9;21
9;20
10;6
10;6
11;5
11;6
12;22
12;22
13;22
13;22
14;22
14;22
15;22
15;22
16;9
16;3
17;24
17;24
18;21
18;21
19;15
19;15
20;9
20;9
21;19
21;19
22;9
22;9
23;22
23;22
24;20
24;10
25;22
25;22
26;9
26;9
1;6
1;6
2;8
2;13
3;8
3;8
4;8
4;8
5;9
5;14
6;15
6;15
7;8
7;8
8;6
8;0
9;20
9;20
10;6
10;6
11;5
11;6
12;22
12;22
13;20
13;20
14;17
14;17
15;22
15;22
16;8
16;8
17;24
17;24
18;21
18;20
19;15
19;15
20;8
20;8
21;24
21;19
22;8
22;8
23;22
23;17
24;10
24;10
25;22
25;21
26;8
26;8
1;0
1;2
2;2
2;3
3;9
3;8
4;4
4;3
5;4
5;3
6;10
6;10
7;3
7;3
8;1
8;1
9;20
9;20
10;0
10;0
11;0
11;0
12;10
12;16
13;16
13;16
14;10
14;10
15;21
15;21
16;3
16;4
17;24
17;24
18;21
18;21
19;10
19;10
20;4
20;3
21;24
21;19
22;9
22;9
23;17
23;15
24;10
24;10
25;21
25;22
26;9
26;4
1;7
1;2
2;4
2;4
3;4
3;9
4;4
4;4
5;4
5;4
6;10
6;10
7;9
7;4
8;1
8;1
9;15
9;21
10;7
10;7
11;6
11;6
12;22
12;22
13;22
13;17
14;11
14;17
15;22
15;22
16;4
16;4
17;19
17;19
18;21
18;21
19;10
19;10
20;4
20;4
21;19
21;19
22;4
22;4
23;19
23;18
24;10
24;10
25;22
25;22
26;4
26;4
1;6
1;5
2;8
2;13
3;8
3;8
4;13
4;13
5;8
5;8
6;15
6;15
7;8
7;8
8;6
8;6
9;15
9;20
10;6
10;7
11;6
11;6
12;22
12;22
13;22
13;22
14;22
14;17
15;22
15;22
16;8
16;8
17;24
17;24
18;21
18;21
19;15
19;15
20;8
20;7
21;24
21;24
22;13
22;13
23;22
23;22
24;10
24;15
25;22
25;22
26;13
26;13
1;5
1;23
2;13
2;13
3;13
3;13
4;18
4;13
5;13
5;13
6;15
6;21
7;13
7;13
8;5
8;5
9;20
9;20
10;18
10;23
11;23
11;18
12;22
12;22
13;23
13;23
14;23
14;23
15;22
15;22
16;13
16;13
17;19
17;24
18;21
18;21
19;20
19;21
20;13
20;13
21;19
21;24
22;18
22;18
23;23
23;23
24;15
24;10
25;21
25;22
26;13
26;14
1;6
1;7
2;3
2;8
3;8
3;9
4;3
4;3
5;4
5;3
6;15
6;20
7;8
7;9
8;1
8;1
9;20
9;20
10;6
10;6
11;6
11;7
12;21
12;21
13;21
13;21
14;17
14;17
15;22
15;21
16;9
16;3
17;24
17;19
18;20
18;21
19;15
19;15
20;4
20;3
21;19
21;19
22;4
22;9
23;15
23;18
24;10
24;15
25;22
25;22
26;9
26;9
1;5
1;5
2;8
2;8
3;8
3;8
4;8
4;8
5;3
5;3
6;15
6;15
7;8
7;8
8;1
8;6
9;15
9;15
10;6
10;6
11;5
11;5
12;21
12;21
13;12
13;11
14;18
14;12
15;22
15;22
16;8
16;8
17;19
17;19
18;21
18;20
19;15
19;10
20;8
20;8
21;19
21;19
22;13
22;8
23;22
23;12
24;10
24;15
25;22
25;21
26;8
26;9
1;6
1;6
2;8
2;8
3;8
3;8
4;9
4;9
5;4
5;4
6;15
6;10
7;8
7;8
8;6
8;7
9;20
9;20
10;6
10;6
11;6
11;7
12;22
12;22
13;22
13;22
14;17
14;22
15;22
15;22
16;3
16;9
17;24
17;24
18;21
18;21
19;15
19;15
20;4
20;9
21;19
21;19
22;8
22;9
23;22
23;18
24;10
24;15
25;21
25;22
26;8
26;8
1;1
1;1
2;3
2;3
3;4
3;4
4;3
4;4
5;4
5;4
6;10
6;10
7;8
7;8
8;2
8;2
9;10
9;10
10;7
10;8
11;7
11;7
12;16
12;22
13;11
13;17
14;18
14;18
15;22
15;22
16;4
16;4
17;19
17;19
18;22
18;21
19;10
19;10
20;4
20;4
21;19
21;19
22;3
22;9
23;22
23;18
24;10
24;10
25;22
25;22
26;9
26;4
1;0
1;0
2;2
2;3
3;8
3;8
4;8
4;3
5;3
5;2
6;10
6;10
7;8
7;3
8;1
8;1
9;15
9;10
10;6
10;0
11;6
11;0
12;22
12;21
13;16
13;16
14;11
14;11
15;22
15;16
16;3
16;8
17;24
17;19
18;20
18;20
19;10
19;10
20;8
20;8
21;19
21;19
22;8
22;2
23;11
23;12
24;10
24;10
25;20
25;20
26;9
26;9
1;7
1;7
2;3
2;3
3;9
3;9
4;4
4;4
5;3
5;4
6;10
6;15
7;3
7;3
8;1
8;1
9;20
9;10
10;6
10;6
11;6
11;7
12;22
12;22
13;16
13;17
14;18
14;18
15;22
15;22
16;3
16;4
17;19
17;24
18;21
18;21
19;10
19;15
20;4
20;4
21;19
21;19
22;4
22;4
23;16
23;23
24;10
24;10
25;20
25;20
26;4
26;9
1;5
1;5
2;7
2;7
3;8
3;8
4;7
4;7
5;7
5;2
6;15
6;15
7;8
7;7
8;5
8;5
9;20
9;20
10;5
10;6
11;5
11;5
12;21
12;20
13;21
13;15
14;10
14;15
15;22
15;22
16;7
16;7
17;24
17;24
18;20
18;20
19;15
19;15
20;7
20;8
21;24
21;24
22;8
22;7
23;20
23;21
24;15
24;15
25;20
25;20
26;8
26;8
1;5
1;5
2;7
2;7
3;8
3;8
4;7
4;7
5;13
5;8
6;15
6;15
7;7
7;8
8;5
8;5
9;20
9;20
10;5
10;5
11;5
11;5
12;20
12;21
13;21
13;21
14;16
14;10
15;22
15;21
16;8
16;7
17;24
17;24
18;21
18;21
19;15
19;15
20;8
20;8
21;24
21;19
22;8
22;8
23;22
23;17
24;15
24;10
25;22
25;21
26;8
26;8
1;1
1;1
2;4
2;4
3;9
3;9
4;4
4;4
5;4
5;4
6;15
6;15
7;3
7;4
8;1
8;1
9;15
9;10
10;6
10;6
11;6
11;7
12;16
12;16
13;16
13;16
14;16
14;11
15;22
15;22
16;4
16;3
17;19
17;19
18;21
18;20
19;10
19;15
20;3
20;4
21;19
21;19
22;9
22;4
23;10
23;1
24;10
24;10
25;16
25;15
26;9
26;9
