1;8
1;17
1;12
1;19
1;12
1;11
1;8
1;8
1;8
1;8
1;8
1;8
1;22
1;22
1;22
1;22
1;22
1;22
1;9
1;9
1;14
1;9
1;9
1;9
2;11
2;11
2;11
2;14
2;7
2;16
2;8
2;8
2;7
2;7
2;7
2;8
2;22
2;22
2;22
2;22
2;22
2;22
2;9
2;14
2;14
2;9
2;9
2;9
3;10
3;10
3;10
3;19
3;10
3;10
3;10
3;10
3;10
3;1
3;6
3;10
3;19
3;14
3;18
3;18
3;14
3;18
3;19
3;14
3;14
3;14
3;14
3;19
4;24
4;23
4;23
4;24
4;11
4;23
4;23
4;23
4;23
4;21
4;23
4;23
4;24
4;21
4;24
4;23
4;23
4;24
4;24
4;24
4;24
4;24
4;24
4;24
5;21
5;11
5;21
5;15
5;16
5;16
5;16
5;16
5;21
5;21
5;16
5;21
5;21
5;21
5;21
5;21
5;21
5;16
5;18
5;19
5;18
5;18
5;19
5;18
6;22
6;23
6;23
6;23
6;12
6;21
6;16
6;21
6;21
6;16
6;22
6;11
6;20
6;20
6;20
6;24
6;20
6;20
6;24
6;24
6;24
6;24
6;24
6;24
7;3
7;3
7;3
7;3
7;10
7;10
7;3
7;3
7;3
7;3
7;3
7;3
7;3
7;3
7;3
7;3
7;2
7;3
7;9
7;9
7;9
7;9
7;9
7;4
8;1
8;10
8;0
8;0
8;1
8;0
8;0
8;1
8;0
8;0
8;0
8;0
8;0
8;0
8;0
8;0
8;1
8;0
8;1
8;9
8;14
8;9
8;9
8;9
9;10
9;10
9;10
9;12
9;10
9;10
9;6
9;10
9;10
9;10
9;10
9;10
9;19
9;19
9;17
9;12
9;12
9;12
9;14
9;14
9;14
9;14
9;14
9;14
10;3
10;3
10;3
10;20
10;3
10;3
10;3
10;3
10;3
10;3
10;3
10;3
10;20
10;20
10;20
10;20
10;20
10;20
10;14
10;9
10;9
10;14
10;9
10;9
11;0
11;1
11;0
11;0
11;0
11;0
11;0
11;0
11;0
11;0
11;0
11;0
11;9
11;9
11;14
11;9
11;14
11;0
11;1
11;1
11;0
11;1
11;1
11;0
12;2
12;3
12;3
12;3
12;3
12;3
12;3
12;3
12;3
12;4
12;3
12;4
12;3
12;4
12;4
12;3
12;3
12;4
12;4
12;9
12;4
12;4
12;9
12;4
13;0
13;0
13;0
13;5
13;0
13;1
13;0
13;0
13;0
13;0
13;0
13;0
13;0
13;0
13;0
13;0
13;0
13;0
13;0
13;0
13;0
13;0
13;0
13;0
14;3
14;3
14;3
14;24
14;11
14;20
14;20
14;20
14;20
14;20
14;20
14;20
14;20
14;20
14;20
14;20
14;20
14;20
14;24
14;20
14;24
14;24
14;20
14;24
15;2
15;3
15;2
15;20
15;5
15;3
15;20
15;20
15;20
15;20
15;20
15;20
15;20
15;20
15;20
15;20
15;24
15;20
15;1
15;1
15;1
15;1
15;1
15;1
