2;2
2;20
2;20
2;4
2;0
2;20
2;22
2;10
2;10
2;13
2;9
2;6
2;20
2;2
2;0
2;3
2;4
2;22
2;8
2;20
2;2
2;4
2;4
2;9
2;4
2;9
2;15
2;11
2;20
2;5
2;6
2;5
2;0
2;22
2;0
2;6
2;8
2;14
2;14
2;9
2;14
2;9
2;3
2;2
2;4
2;22
2;20
2;2
2;23
2;23
2;4
2;8
2;11
2;13
2;13
2;13
2;13
2;8
2;13
2;13
2;13
2;12
2;8
2;9
2;4
2;4
2;4
2;4
2;9
2;14
2;13
2;13
2;13
2;13
2;15
2;15
2;15
2;15
2;15
2;15
2;20
2;20
2;20
2;20
2;20
2;21
2;22
2;22
2;21
2;22
2;21
2;19
2;14
2;19
2;14
2;4
2;4
1;4
1;0
1;0
1;20
1;20
1;20
1;20
1;20
1;20
1;21
1;21
1;20
1;22
1;21
1;21
1;20
1;20
1;15
1;20
1;15
1;16
1;11
1;16
1;16
1;16
1;16
1;16
1;16
1;15
1;20
1;20
1;20
1;20
1;20
1;4
1;4
1;4
1;4
1;4
1;4
1;23
1;13
1;19
1;19
1;24
1;9
1;9
1;9
1;2
1;4
1;22
1;10
1;10
1;20
1;20
1;5
1;20
1;15
1;20
1;9
1;4
1;4
1;4
1;9
1;4
1;18
1;23
1;2
1;23
1;4
1;2
1;2
1;2
1;2
1;17
1;2
1;5
1;17
1;17
1;17
1;12
1;13
1;19
1;17
1;19
1;17
1;17
1;17
1;17
1;19
1;14
1;14
1;14
1;14
1;13
1;13
1;14
1;13
1;11
1;11
1;11
1;11
1;11
1;11
1;11
1;13
1;13
1;13
1;13
1;13
1;13
